{"C:\\Users\\josea\\Desktop\\Udemy\\REACT\\10) Administrador productos\\REST_API_NODEJS_EXPRESS\\src\\router.ts": {"path":"C:\\Users\\josea\\Desktop\\Udemy\\REACT\\10) Administrador productos\\REST_API_NODEJS_EXPRESS\\src\\router.ts","statementMap":{"0":{"start":{"line":1,"column":0},"end":{"line":1,"column":33}},"1":{"start":{"line":2,"column":0},"end":{"line":2,"column":48}},"2":{"start":{"line":3,"column":0},"end":{"line":3,"column":null}},"3":{"start":{"line":11,"column":0},"end":{"line":11,"column":49}},"4":{"start":{"line":13,"column":15},"end":{"line":13,"column":23}},"5":{"start":{"line":15,"column":0},"end":{"line":15,"column":38}},"6":{"start":{"line":18,"column":0},"end":{"line":23,"column":2}},"7":{"start":{"line":26,"column":0},"end":{"line":40,"column":2}},"8":{"start":{"line":34,"column":23},"end":{"line":34,"column":32}},"9":{"start":{"line":43,"column":0},"end":{"line":59,"column":2}},"10":{"start":{"line":52,"column":23},"end":{"line":52,"column":32}},"11":{"start":{"line":62,"column":0},"end":{"line":67,"column":2}},"12":{"start":{"line":70,"column":0},"end":{"line":75,"column":2}},"13":{"start":{"line":77,"column":0},"end":{"line":77,"column":22}}},"fnMap":{"0":{"name":"(anonymous_0)","decl":{"start":{"line":34,"column":12},"end":{"line":34,"column":13}},"loc":{"start":{"line":34,"column":23},"end":{"line":34,"column":32}}},"1":{"name":"(anonymous_1)","decl":{"start":{"line":52,"column":12},"end":{"line":52,"column":13}},"loc":{"start":{"line":52,"column":23},"end":{"line":52,"column":32}}}},"branchMap":{},"s":{"0":2,"1":2,"2":2,"3":2,"4":2,"5":2,"6":2,"7":2,"8":3,"9":2,"10":5,"11":2,"12":2,"13":2},"f":{"0":3,"1":5},"b":{}}
,"C:\\Users\\josea\\Desktop\\Udemy\\REACT\\10) Administrador productos\\REST_API_NODEJS_EXPRESS\\src\\server.ts": {"path":"C:\\Users\\josea\\Desktop\\Udemy\\REACT\\10) Administrador productos\\REST_API_NODEJS_EXPRESS\\src\\server.ts","statementMap":{"0":{"start":{"line":1,"column":0},"end":{"line":1,"column":30}},"1":{"start":{"line":2,"column":0},"end":{"line":2,"column":30}},"2":{"start":{"line":3,"column":0},"end":{"line":3,"column":29}},"3":{"start":{"line":4,"column":0},"end":{"line":4,"column":29}},"4":{"start":{"line":7,"column":4},"end":{"line":13,"column":5}},"5":{"start":{"line":8,"column":8},"end":{"line":8,"column":null}},"6":{"start":{"line":9,"column":8},"end":{"line":9,"column":null}},"7":{"start":{"line":12,"column":8},"end":{"line":12,"column":null}},"8":{"start":{"line":6,"column":0},"end":{"line":6,"column":7}},"9":{"start":{"line":15,"column":0},"end":{"line":15,"column":12}},"10":{"start":{"line":16,"column":15},"end":{"line":16,"column":24}},"11":{"start":{"line":19,"column":0},"end":{"line":19,"column":null}},"12":{"start":{"line":22,"column":0},"end":{"line":22,"column":null}},"13":{"start":{"line":23,"column":0},"end":{"line":25,"column":null}},"14":{"start":{"line":24,"column":4},"end":{"line":24,"column":null}},"15":{"start":{"line":27,"column":0},"end":{"line":27,"column":null}}},"fnMap":{"0":{"name":"connectDB","decl":{"start":{"line":6,"column":22},"end":{"line":6,"column":31}},"loc":{"start":{"line":6,"column":31},"end":{"line":14,"column":1}}},"1":{"name":"(anonymous_2)","decl":{"start":{"line":23,"column":19},"end":{"line":23,"column":20}},"loc":{"start":{"line":23,"column":40},"end":{"line":25,"column":1}}}},"branchMap":{},"s":{"0":2,"1":2,"2":2,"3":2,"4":3,"5":3,"6":2,"7":1,"8":2,"9":2,"10":2,"11":2,"12":2,"13":2,"14":1,"15":2},"f":{"0":3,"1":1},"b":{}}
,"C:\\Users\\josea\\Desktop\\Udemy\\REACT\\10) Administrador productos\\REST_API_NODEJS_EXPRESS\\src\\config\\db.ts": {"path":"C:\\Users\\josea\\Desktop\\Udemy\\REACT\\10) Administrador productos\\REST_API_NODEJS_EXPRESS\\src\\config\\db.ts","statementMap":{"0":{"start":{"line":1,"column":0},"end":{"line":1,"column":49}},"1":{"start":{"line":2,"column":0},"end":{"line":2,"column":28}},"2":{"start":{"line":4,"column":0},"end":{"line":4,"column":null}},"3":{"start":{"line":6,"column":11},"end":{"line":9,"column":2}},"4":{"start":{"line":11,"column":0},"end":{"line":11,"column":18}}},"fnMap":{},"branchMap":{},"s":{"0":2,"1":2,"2":2,"3":2,"4":2},"f":{},"b":{}}
,"C:\\Users\\josea\\Desktop\\Udemy\\REACT\\10) Administrador productos\\REST_API_NODEJS_EXPRESS\\src\\handlers\\products.actions.ts": {"path":"C:\\Users\\josea\\Desktop\\Udemy\\REACT\\10) Administrador productos\\REST_API_NODEJS_EXPRESS\\src\\handlers\\products.actions.ts","statementMap":{"0":{"start":{"line":2,"column":0},"end":{"line":2,"column":46}},"1":{"start":{"line":5,"column":27},"end":{"line":10,"column":1}},"2":{"start":{"line":6,"column":20},"end":{"line":8,"column":4}},"3":{"start":{"line":9,"column":2},"end":{"line":9,"column":42}},"4":{"start":{"line":5,"column":13},"end":{"line":5,"column":27}},"5":{"start":{"line":12,"column":29},"end":{"line":16,"column":1}},"6":{"start":{"line":13,"column":18},"end":{"line":13,"column":43}},"7":{"start":{"line":14,"column":22},"end":{"line":14,"column":42}},"8":{"start":{"line":15,"column":2},"end":{"line":15,"column":51}},"9":{"start":{"line":12,"column":13},"end":{"line":12,"column":29}},"10":{"start":{"line":18,"column":31},"end":{"line":35,"column":1}},"11":{"start":{"line":19,"column":2},"end":{"line":34,"column":3}},"12":{"start":{"line":20,"column":19},"end":{"line":20,"column":33}},"13":{"start":{"line":22,"column":21},"end":{"line":24,"column":6}},"14":{"start":{"line":26,"column":4},"end":{"line":30,"column":5}},"15":{"start":{"line":27,"column":6},"end":{"line":29,"column":9}},"16":{"start":{"line":31,"column":4},"end":{"line":31,"column":43}},"17":{"start":{"line":33,"column":4},"end":{"line":33,"column":23}},"18":{"start":{"line":18,"column":13},"end":{"line":18,"column":31}},"19":{"start":{"line":37,"column":29},"end":{"line":50,"column":1}},"20":{"start":{"line":38,"column":2},"end":{"line":49,"column":3}},"21":{"start":{"line":39,"column":19},"end":{"line":39,"column":33}},"22":{"start":{"line":40,"column":21},"end":{"line":42,"column":6}},"23":{"start":{"line":43,"column":4},"end":{"line":43,"column":80}},"24":{"start":{"line":44,"column":4},"end":{"line":44,"column":40}},"25":{"start":{"line":45,"column":4},"end":{"line":45,"column":26}},"26":{"start":{"line":46,"column":4},"end":{"line":46,"column":38}},"27":{"start":{"line":48,"column":4},"end":{"line":48,"column":23}},"28":{"start":{"line":37,"column":13},"end":{"line":37,"column":29}},"29":{"start":{"line":52,"column":34},"end":{"line":66,"column":1}},"30":{"start":{"line":56,"column":2},"end":{"line":65,"column":3}},"31":{"start":{"line":57,"column":19},"end":{"line":57,"column":33}},"32":{"start":{"line":58,"column":21},"end":{"line":58,"column":47}},"33":{"start":{"line":59,"column":4},"end":{"line":59,"column":80}},"34":{"start":{"line":60,"column":4},"end":{"line":60,"column":62}},"35":{"start":{"line":61,"column":4},"end":{"line":61,"column":26}},"36":{"start":{"line":62,"column":4},"end":{"line":62,"column":38}},"37":{"start":{"line":64,"column":4},"end":{"line":64,"column":null}},"38":{"start":{"line":52,"column":13},"end":{"line":52,"column":34}},"39":{"start":{"line":67,"column":29},"end":{"line":75,"column":1}},"40":{"start":{"line":68,"column":17},"end":{"line":68,"column":31}},"41":{"start":{"line":69,"column":19},"end":{"line":69,"column":45}},"42":{"start":{"line":70,"column":2},"end":{"line":72,"column":3}},"43":{"start":{"line":71,"column":4},"end":{"line":71,"column":74}},"44":{"start":{"line":73,"column":2},"end":{"line":73,"column":27}},"45":{"start":{"line":74,"column":2},"end":{"line":74,"column":55}},"46":{"start":{"line":67,"column":13},"end":{"line":67,"column":29}}},"fnMap":{"0":{"name":"(anonymous_1)","decl":{"start":{"line":5,"column":27},"end":{"line":5,"column":32}},"loc":{"start":{"line":5,"column":74},"end":{"line":10,"column":1}}},"1":{"name":"(anonymous_2)","decl":{"start":{"line":12,"column":29},"end":{"line":12,"column":34}},"loc":{"start":{"line":12,"column":76},"end":{"line":16,"column":1}}},"2":{"name":"(anonymous_3)","decl":{"start":{"line":18,"column":31},"end":{"line":18,"column":36}},"loc":{"start":{"line":18,"column":78},"end":{"line":35,"column":1}}},"3":{"name":"(anonymous_4)","decl":{"start":{"line":37,"column":29},"end":{"line":37,"column":34}},"loc":{"start":{"line":37,"column":76},"end":{"line":50,"column":1}}},"4":{"name":"(anonymous_5)","decl":{"start":{"line":52,"column":34},"end":{"line":52,"column":39}},"loc":{"start":{"line":55,"column":4},"end":{"line":66,"column":1}}},"5":{"name":"(anonymous_6)","decl":{"start":{"line":67,"column":29},"end":{"line":67,"column":34}},"loc":{"start":{"line":67,"column":76},"end":{"line":75,"column":1}}}},"branchMap":{"0":{"loc":{"start":{"line":26,"column":4},"end":{"line":30,"column":5}},"type":"if","locations":[{"start":{"line":26,"column":4},"end":{"line":30,"column":5}}]},"1":{"loc":{"start":{"line":43,"column":4},"end":{"line":43,"column":79}},"type":"binary-expr","locations":[{"start":{"line":43,"column":4},"end":{"line":43,"column":13}},{"start":{"line":43,"column":17},"end":{"line":43,"column":79}}]},"2":{"loc":{"start":{"line":59,"column":4},"end":{"line":59,"column":79}},"type":"binary-expr","locations":[{"start":{"line":59,"column":4},"end":{"line":59,"column":13}},{"start":{"line":59,"column":17},"end":{"line":59,"column":79}}]},"3":{"loc":{"start":{"line":70,"column":2},"end":{"line":72,"column":3}},"type":"if","locations":[{"start":{"line":70,"column":2},"end":{"line":72,"column":3}}]}},"s":{"0":2,"1":2,"2":2,"3":2,"4":2,"5":2,"6":1,"7":1,"8":1,"9":2,"10":2,"11":2,"12":2,"13":2,"14":2,"15":1,"16":2,"17":1,"18":2,"19":2,"20":2,"21":2,"22":2,"23":2,"24":2,"25":1,"26":1,"27":1,"28":2,"29":2,"30":2,"31":2,"32":2,"33":2,"34":2,"35":1,"36":1,"37":1,"38":2,"39":2,"40":1,"41":1,"42":1,"43":1,"44":0,"45":0,"46":2},"f":{"0":2,"1":1,"2":2,"3":2,"4":2,"5":1},"b":{"0":[1],"1":[2,1],"2":[2,1],"3":[1]}}
,"C:\\Users\\josea\\Desktop\\Udemy\\REACT\\10) Administrador productos\\REST_API_NODEJS_EXPRESS\\src\\middleware\\index.ts": {"path":"C:\\Users\\josea\\Desktop\\Udemy\\REACT\\10) Administrador productos\\REST_API_NODEJS_EXPRESS\\src\\middleware\\index.ts","statementMap":{"0":{"start":{"line":1,"column":0},"end":{"line":1,"column":53}},"1":{"start":{"line":4,"column":33},"end":{"line":10,"column":1}},"2":{"start":{"line":5,"column":15},"end":{"line":5,"column":36}},"3":{"start":{"line":6,"column":2},"end":{"line":8,"column":3}},"4":{"start":{"line":7,"column":4},"end":{"line":7,"column":61}},"5":{"start":{"line":9,"column":2},"end":{"line":9,"column":9}},"6":{"start":{"line":4,"column":13},"end":{"line":4,"column":33}}},"fnMap":{"0":{"name":"(anonymous_0)","decl":{"start":{"line":4,"column":33},"end":{"line":4,"column":34}},"loc":{"start":{"line":4,"column":82},"end":{"line":10,"column":1}}}},"branchMap":{"0":{"loc":{"start":{"line":6,"column":2},"end":{"line":8,"column":3}},"type":"if","locations":[{"start":{"line":6,"column":2},"end":{"line":8,"column":3}}]}},"s":{"0":2,"1":2,"2":15,"3":15,"4":7,"5":8,"6":2},"f":{"0":15},"b":{"0":[7]}}
,"C:\\Users\\josea\\Desktop\\Udemy\\REACT\\10) Administrador productos\\REST_API_NODEJS_EXPRESS\\src\\models\\Product.model.ts": {"path":"C:\\Users\\josea\\Desktop\\Udemy\\REACT\\10) Administrador productos\\REST_API_NODEJS_EXPRESS\\src\\models\\Product.model.ts","statementMap":{"0":{"start":{"line":1,"column":0},"end":{"line":1,"column":77}},"1":{"start":{"line":7,"column":0},"end":{"line":23,"column":null}},"2":{"start":{"line":11,"column":12},"end":{"line":11,"column":null}},"3":{"start":{"line":16,"column":12},"end":{"line":16,"column":null}},"4":{"start":{"line":22,"column":12},"end":{"line":22,"column":null}},"5":{"start":{"line":7,"column":6},"end":{"line":23,"column":null}},"6":{"start":{"line":25,"column":0},"end":{"line":25,"column":null}}},"fnMap":{},"branchMap":{},"s":{"0":3,"1":3,"2":3,"3":3,"4":3,"5":3,"6":3},"f":{},"b":{}}
}
