TN:
SF:src\router.ts
FN:34,(anonymous_0)
FN:52,(anonymous_1)
FNF:2
FNH:2
FNDA:3,(anonymous_0)
FNDA:5,(anonymous_1)
DA:1,2
DA:2,2
DA:3,2
DA:11,2
DA:13,2
DA:15,2
DA:18,2
DA:26,2
DA:34,3
DA:43,2
DA:52,5
DA:62,2
DA:70,2
DA:77,2
LF:14
LH:14
BRF:0
BRH:0
end_of_record
TN:
SF:src\server.ts
FN:6,connectDB
FN:23,(anonymous_2)
FNF:2
FNH:2
FNDA:3,connectDB
FNDA:1,(anonymous_2)
DA:1,2
DA:2,2
DA:3,2
DA:4,2
DA:6,2
DA:7,3
DA:8,3
DA:9,2
DA:12,1
DA:15,2
DA:16,2
DA:19,2
DA:22,2
DA:23,2
DA:24,1
DA:27,2
LF:16
LH:16
BRF:0
BRH:0
end_of_record
TN:
SF:src\config\db.ts
FNF:0
FNH:0
DA:1,2
DA:2,2
DA:4,2
DA:6,2
DA:11,2
LF:5
LH:5
BRF:0
BRH:0
end_of_record
TN:
SF:src\handlers\products.actions.ts
FN:5,(anonymous_1)
FN:12,(anonymous_2)
FN:18,(anonymous_3)
FN:37,(anonymous_4)
FN:52,(anonymous_5)
FN:67,(anonymous_6)
FNF:6
FNH:6
FNDA:2,(anonymous_1)
FNDA:1,(anonymous_2)
FNDA:2,(anonymous_3)
FNDA:2,(anonymous_4)
FNDA:2,(anonymous_5)
FNDA:1,(anonymous_6)
DA:2,2
DA:5,2
DA:6,2
DA:9,2
DA:12,2
DA:13,1
DA:14,1
DA:15,1
DA:18,2
DA:19,2
DA:20,2
DA:22,2
DA:26,2
DA:27,1
DA:31,2
DA:33,1
DA:37,2
DA:38,2
DA:39,2
DA:40,2
DA:43,2
DA:44,2
DA:45,1
DA:46,1
DA:48,1
DA:52,2
DA:56,2
DA:57,2
DA:58,2
DA:59,2
DA:60,2
DA:61,1
DA:62,1
DA:64,1
DA:67,2
DA:68,1
DA:69,1
DA:70,1
DA:71,1
DA:73,0
DA:74,0
LF:41
LH:39
BRDA:26,0,0,1
BRDA:43,1,0,2
BRDA:43,1,1,1
BRDA:59,2,0,2
BRDA:59,2,1,1
BRDA:70,3,0,1
BRF:6
BRH:6
end_of_record
TN:
SF:src\middleware\index.ts
FN:4,(anonymous_0)
FNF:1
FNH:1
FNDA:15,(anonymous_0)
DA:1,2
DA:4,2
DA:5,15
DA:6,15
DA:7,7
DA:9,8
LF:6
LH:6
BRDA:6,0,0,7
BRF:1
BRH:1
end_of_record
TN:
SF:src\models\Product.model.ts
FNF:0
FNH:0
DA:1,3
DA:7,3
DA:11,3
DA:16,3
DA:22,3
DA:25,3
LF:6
LH:6
BRF:0
BRH:0
end_of_record
